<?xml version="1.0" encoding="UTF-8"?>
<testng-results skipped="0" failed="0" ignored="0" total="1" passed="1">
  <reporter-output>
  </reporter-output>
  <suite name="Default suite" duration-ms="7015" started-at="2020-10-26T15:18:48 GMT" finished-at="2020-10-26T15:18:55 GMT">
    <groups>
    </groups>
    <test name="Default test" duration-ms="7015" started-at="2020-10-26T15:18:48 GMT" finished-at="2020-10-26T15:18:55 GMT">
      <class name="scripts.StartShopping">
        <test-method status="PASS" signature="openapp()[pri:0, instance:scripts.StartShopping@7d0587f1]" name="openapp" is-config="true" duration-ms="4363" started-at="2020-10-26T15:18:48 GMT" finished-at="2020-10-26T15:18:52 GMT">
          <reporter-output>
          </reporter-output>
        </test-method> <!-- openapp -->
        <test-method status="PASS" signature="test4()[pri:0, instance:scripts.StartShopping@7d0587f1]" name="test4" duration-ms="2529" started-at="2020-10-26T15:18:52 GMT" finished-at="2020-10-26T15:18:55 GMT">
          <reporter-output>
          </reporter-output>
        </test-method> <!-- test4 -->
        <test-method status="PASS" signature="closeapp(org.testng.ITestResult)[pri:0, instance:scripts.StartShopping@7d0587f1]" name="closeapp" is-config="true" duration-ms="79" started-at="2020-10-26T15:18:55 GMT" finished-at="2020-10-26T15:18:55 GMT">
          <params>
            <param index="0">
              <value>
                <![CDATA[[TestResult name=test4 status=SUCCESS method=StartShopping.test4()[pri:0, instance:scripts.StartShopping@7d0587f1] output={null}]]]>
              </value>
            </param>
          </params>
          <reporter-output>
          </reporter-output>
        </test-method> <!-- closeapp -->
      </class> <!-- scripts.StartShopping -->
    </test> <!-- Default test -->
  </suite> <!-- Default suite -->
</testng-results>
